<?xml version="1.0" encoding="UTF-8"?>
<testng-results ignored="0" total="1" passed="1" failed="0" skipped="0">
  <reporter-output>
  </reporter-output>
  <suite started-at="2026-06-22T00:27:13 IST" name="Default suite" finished-at="2026-06-22T00:27:44 IST" duration-ms="31129">
    <groups>
    </groups>
    <test started-at="2026-06-22T00:27:13 IST" name="Default test" finished-at="2026-06-22T00:27:44 IST" duration-ms="31129">
      <class name="Bases.LoginClassTest">
        <test-method signature="testLogin()[pri:0, instance:Bases.LoginClassTest@47af7f3d]" started-at="2026-06-22T00:27:13 IST" name="testLogin" finished-at="2026-06-22T00:27:44 IST" duration-ms="30981" status="PASS">
          <reporter-output>
          </reporter-output>
        </test-method> <!-- testLogin -->
      </class> <!-- Bases.LoginClassTest -->
    </test> <!-- Default test -->
  </suite> <!-- Default suite -->
</testng-results>
